0 info it worked if it ends with ok
1 verbose cli [ '/Users/ashi/.nvm/versions/node/v6.0.0/bin/node',
1 verbose cli   '/Users/ashi/.nvm/versions/node/v6.0.0/bin/npm',
1 verbose cli   'run',
1 verbose cli   'seed' ]
2 info using npm@3.8.6
3 info using node@v6.0.0
4 verbose stack Error: missing script: seed
4 verbose stack     at run (/Users/ashi/.nvm/versions/node/v6.0.0/lib/node_modules/npm/lib/run-script.js:147:19)
4 verbose stack     at /Users/ashi/.nvm/versions/node/v6.0.0/lib/node_modules/npm/lib/run-script.js:57:5
4 verbose stack     at /Users/ashi/.nvm/versions/node/v6.0.0/lib/node_modules/npm/node_modules/read-package-json/read-json.js:345:5
4 verbose stack     at checkBinReferences_ (/Users/ashi/.nvm/versions/node/v6.0.0/lib/node_modules/npm/node_modules/read-package-json/read-json.js:309:45)
4 verbose stack     at final (/Users/ashi/.nvm/versions/node/v6.0.0/lib/node_modules/npm/node_modules/read-package-json/read-json.js:343:3)
4 verbose stack     at then (/Users/ashi/.nvm/versions/node/v6.0.0/lib/node_modules/npm/node_modules/read-package-json/read-json.js:113:5)
4 verbose stack     at ReadFileContext.<anonymous> (/Users/ashi/.nvm/versions/node/v6.0.0/lib/node_modules/npm/node_modules/read-package-json/read-json.js:284:20)
4 verbose stack     at ReadFileContext.callback (/Users/ashi/.nvm/versions/node/v6.0.0/lib/node_modules/npm/node_modules/graceful-fs/graceful-fs.js:78:16)
4 verbose stack     at FSReqWrap.readFileAfterOpen [as oncomplete] (fs.js:359:13)
5 verbose cwd /Users/ashi/Google Drive/gh/1604GH-Library/15-tripplanner-sql
6 error Darwin 15.0.0
7 error argv "/Users/ashi/.nvm/versions/node/v6.0.0/bin/node" "/Users/ashi/.nvm/versions/node/v6.0.0/bin/npm" "run" "seed"
8 error node v6.0.0
9 error npm  v3.8.6
10 error missing script: seed
11 error If you need help, you may report this error at:
11 error     <https://github.com/npm/npm/issues>
12 verbose exit [ 1, true ]
